<?xml version="1.0" encoding="UTF-8"?>
<testng-results skipped="0" failed="0" total="2" passed="2">
  <reporter-output>
  </reporter-output>
  <suite name="Default suite" duration-ms="1279" started-at="2016-11-08T21:08:42Z" finished-at="2016-11-08T21:08:43Z">
    <groups>
      <group name="cucumber">
        <method signature="AbstractTestNGCucumberTests.feature(cucumber.api.testng.CucumberFeatureWrapper)[pri:0, instance:com.fannie.shoppingTestRunner@1e88b3c]" name="feature" class="cucumber.api.testng.AbstractTestNGCucumberTests"/>
      </group> <!-- cucumber -->
    </groups>
    <test name="Default test" duration-ms="1279" started-at="2016-11-08T21:08:42Z" finished-at="2016-11-08T21:08:43Z">
      <class name="com.fannie.shoppingTestRunner">
        <test-method status="PASS" signature="setUpClass()[pri:0, instance:com.fannie.shoppingTestRunner@1e88b3c]" name="setUpClass" is-config="true" duration-ms="726" started-at="2016-11-08T13:08:42Z" finished-at="2016-11-08T13:08:42Z">
          <reporter-output>
          </reporter-output>
        </test-method> <!-- setUpClass -->
        <test-method status="PASS" signature="feature(cucumber.api.testng.CucumberFeatureWrapper)[pri:0, instance:com.fannie.shoppingTestRunner@1e88b3c]" name="feature" duration-ms="309" started-at="2016-11-08T13:08:43Z" description="Runs Cucumber Feature" data-provider="features" finished-at="2016-11-08T13:08:43Z">
          <params>
            <param index="0">
              <value>
                <![CDATA[Adding items to cart]]>
              </value>
            </param>
          </params>
          <reporter-output>
          </reporter-output>
        </test-method> <!-- feature -->
        <test-method status="PASS" signature="feature(cucumber.api.testng.CucumberFeatureWrapper)[pri:0, instance:com.fannie.shoppingTestRunner@1e88b3c]" name="feature" duration-ms="25" started-at="2016-11-08T13:08:43Z" description="Runs Cucumber Feature" data-provider="features" finished-at="2016-11-08T13:08:43Z">
          <params>
            <param index="0">
              <value>
                <![CDATA[Signup for account]]>
              </value>
            </param>
          </params>
          <reporter-output>
          </reporter-output>
        </test-method> <!-- feature -->
        <test-method status="PASS" signature="tearDownClass()[pri:0, instance:com.fannie.shoppingTestRunner@1e88b3c]" name="tearDownClass" is-config="true" duration-ms="22" started-at="2016-11-08T13:08:43Z" finished-at="2016-11-08T13:08:43Z">
          <reporter-output>
          </reporter-output>
        </test-method> <!-- tearDownClass -->
      </class> <!-- com.fannie.shoppingTestRunner -->
    </test> <!-- Default test -->
  </suite> <!-- Default suite -->
</testng-results>
