<?xml version="1.0" encoding="UTF-8"?>
<testng-results skipped="0" failed="0" total="2" passed="2">
  <reporter-output>
  </reporter-output>
  <suite name="Default suite" duration-ms="1526" started-at="2016-11-08T19:55:39Z" finished-at="2016-11-08T19:55:41Z">
    <groups>
      <group name="cucumber">
        <method signature="AbstractTestNGCucumberTests.feature(cucumber.api.testng.CucumberFeatureWrapper)[pri:0, instance:com.fannie.shoppingTestRunner@ae45eb6]" name="feature" class="cucumber.api.testng.AbstractTestNGCucumberTests"/>
      </group> <!-- cucumber -->
    </groups>
    <test name="Default test" duration-ms="1526" started-at="2016-11-08T19:55:39Z" finished-at="2016-11-08T19:55:41Z">
      <class name="com.fannie.shoppingTestRunner">
        <test-method status="PASS" signature="setUpClass()[pri:0, instance:com.fannie.shoppingTestRunner@ae45eb6]" name="setUpClass" is-config="true" duration-ms="732" started-at="2016-11-08T11:55:39Z" finished-at="2016-11-08T11:55:40Z">
          <reporter-output>
          </reporter-output>
        </test-method> <!-- setUpClass -->
        <test-method status="PASS" signature="feature(cucumber.api.testng.CucumberFeatureWrapper)[pri:0, instance:com.fannie.shoppingTestRunner@ae45eb6]" name="feature" duration-ms="395" started-at="2016-11-08T11:55:40Z" description="Runs Cucumber Feature" data-provider="features" finished-at="2016-11-08T11:55:41Z">
          <params>
            <param index="0">
              <value>
                <![CDATA[Login to account]]>
              </value>
            </param>
          </params>
          <reporter-output>
          </reporter-output>
        </test-method> <!-- feature -->
        <test-method status="PASS" signature="feature(cucumber.api.testng.CucumberFeatureWrapper)[pri:0, instance:com.fannie.shoppingTestRunner@ae45eb6]" name="feature" duration-ms="93" started-at="2016-11-08T11:55:41Z" description="Runs Cucumber Feature" data-provider="features" finished-at="2016-11-08T11:55:41Z">
          <params>
            <param index="0">
              <value>
                <![CDATA[Adding items to cart]]>
              </value>
            </param>
          </params>
          <reporter-output>
          </reporter-output>
        </test-method> <!-- feature -->
        <test-method status="PASS" signature="tearDownClass()[pri:0, instance:com.fannie.shoppingTestRunner@ae45eb6]" name="tearDownClass" is-config="true" duration-ms="42" started-at="2016-11-08T11:55:41Z" finished-at="2016-11-08T11:55:41Z">
          <reporter-output>
          </reporter-output>
        </test-method> <!-- tearDownClass -->
      </class> <!-- com.fannie.shoppingTestRunner -->
    </test> <!-- Default test -->
  </suite> <!-- Default suite -->
</testng-results>
